<?xml version="1.0" encoding="UTF-8"?>
<testsuite name="com.smallAPI.smallAPI.SmallApiApplicationTest" tests="1" skipped="0" failures="0" errors="0" timestamp="2022-10-18T12:36:55" hostname="MBP-de-Pierre" time="0.002">
  <properties/>
  <testcase name="contextLoads()" classname="com.smallAPI.smallAPI.SmallApiApplicationTest" time="0.002"/>
  <system-out><![CDATA[2022-10-18 14:36:55.611  INFO 37434 --- [    Test worker] .b.t.c.SpringBootTestContextBootstrapper : Neither @ContextConfiguration nor @ContextHierarchy found for test class [com.smallAPI.smallAPI.SmallApiApplicationTest], using SpringBootContextLoader
2022-10-18 14:36:55.612  INFO 37434 --- [    Test worker] o.s.t.c.support.AbstractContextLoader    : Could not detect default resource locations for test class [com.smallAPI.smallAPI.SmallApiApplicationTest]: no resource found for suffixes {-context.xml, Context.groovy}.
2022-10-18 14:36:55.612  INFO 37434 --- [    Test worker] t.c.s.AnnotationConfigContextLoaderUtils : Could not detect default configuration classes for test class [com.smallAPI.smallAPI.SmallApiApplicationTest]: SmallApiApplicationTest does not declare any static, non-private, non-final, nested classes annotated with @Configuration.
2022-10-18 14:36:55.612  INFO 37434 --- [    Test worker] .b.t.c.SpringBootTestContextBootstrapper : Found @SpringBootConfiguration com.smallAPI.smallAPI.SmallApiApplication for test class com.smallAPI.smallAPI.SmallApiApplicationTest
2022-10-18 14:36:55.613  INFO 37434 --- [    Test worker] .b.t.c.SpringBootTestContextBootstrapper : Loaded default TestExecutionListener class names from location [META-INF/spring.factories]: [org.springframework.boot.test.autoconfigure.restdocs.RestDocsTestExecutionListener, org.springframework.boot.test.autoconfigure.web.client.MockRestServiceServerResetTestExecutionListener, org.springframework.boot.test.autoconfigure.web.servlet.MockMvcPrintOnlyOnFailureTestExecutionListener, org.springframework.boot.test.autoconfigure.web.servlet.WebDriverTestExecutionListener, org.springframework.boot.test.autoconfigure.webservices.client.MockWebServiceServerTestExecutionListener, org.springframework.boot.test.mock.mockito.MockitoTestExecutionListener, org.springframework.boot.test.mock.mockito.ResetMocksTestExecutionListener, org.springframework.test.context.web.ServletTestExecutionListener, org.springframework.test.context.support.DirtiesContextBeforeModesTestExecutionListener, org.springframework.test.context.event.ApplicationEventsTestExecutionListener, org.springframework.test.context.support.DependencyInjectionTestExecutionListener, org.springframework.test.context.support.DirtiesContextTestExecutionListener, org.springframework.test.context.transaction.TransactionalTestExecutionListener, org.springframework.test.context.jdbc.SqlScriptsTestExecutionListener, org.springframework.test.context.event.EventPublishingTestExecutionListener]
2022-10-18 14:36:55.613  INFO 37434 --- [    Test worker] .b.t.c.SpringBootTestContextBootstrapper : Using TestExecutionListeners: [org.springframework.test.context.web.ServletTestExecutionListener@554d040d, org.springframework.test.context.support.DirtiesContextBeforeModesTestExecutionListener@3fe24670, org.springframework.test.context.event.ApplicationEventsTestExecutionListener@3c46e6f6, org.springframework.boot.test.mock.mockito.MockitoTestExecutionListener@7d6019d5, org.springframework.boot.test.autoconfigure.SpringBootDependencyInjectionTestExecutionListener@40b01718, org.springframework.test.context.support.DirtiesContextTestExecutionListener@6d4c18b8, org.springframework.test.context.event.EventPublishingTestExecutionListener@663622b1, org.springframework.boot.test.autoconfigure.restdocs.RestDocsTestExecutionListener@1be52113, org.springframework.boot.test.autoconfigure.web.client.MockRestServiceServerResetTestExecutionListener@5badeda0, org.springframework.boot.test.autoconfigure.web.servlet.MockMvcPrintOnlyOnFailureTestExecutionListener@56a9a7b5, org.springframework.boot.test.autoconfigure.web.servlet.WebDriverTestExecutionListener@1dd247b, org.springframework.boot.test.autoconfigure.webservices.client.MockWebServiceServerTestExecutionListener@338270ea, org.springframework.boot.test.mock.mockito.ResetMocksTestExecutionListener@7f64bd7]

  .   ____          _            __ _ _
 /\\ / ___'_ __ _ _(_)_ __  __ _ \ \ \ \
( ( )\___ | '_ | '_| | '_ \/ _` | \ \ \ \
 \\/  ___)| |_)| | | | | || (_| |  ) ) ) )
  '  |____| .__|_| |_|_| |_\__, | / / / /
 =========|_|==============|___/=/_/_/_/
 :: Spring Boot ::                (v2.7.4)

2022-10-18 14:36:55.624  INFO 37434 --- [    Test worker] c.s.smallAPI.SmallApiApplicationTest     : Starting SmallApiApplicationTest using Java 17.0.4.1 on MBP-de-Pierre with PID 37434 (started by pherman in /Users/pherman/Documents/Projects/Java_test)
2022-10-18 14:36:55.625  INFO 37434 --- [    Test worker] c.s.smallAPI.SmallApiApplicationTest     : No active profile set, falling back to 1 default profile: "default"
2022-10-18 14:36:55.941  INFO 37434 --- [    Test worker] o.s.b.a.e.web.EndpointLinksResolver      : Exposing 1 endpoint(s) beneath base path '/actuator'
2022-10-18 14:36:55.961  INFO 37434 --- [    Test worker] c.s.smallAPI.SmallApiApplicationTest     : Started SmallApiApplicationTest in 0.346 seconds (JVM running for 4.125)
Inspect beans:
]]></system-out>
  <system-err><![CDATA[]]></system-err>
</testsuite>
